<?xml version="1.0" encoding="UTF-8"?>
<!-- Generated by org.testng.reporters.JUnitXMLReporter -->
<testsuite ignored="0" hostname="Abdo" failures="1" tests="5" name="webGUITests" time="32.362" errors="0" timestamp="2020-05-22T05:30:21 EET">
  <testcase classname="webGUITests.Tests" name="searchForText" time="4.45">
    <failure type="java.lang.AssertionError" message="did not expect to find [true] but found [false]">
      <![CDATA[java.lang.AssertionError: did not expect to find [true] but found [false]
at webGUITests.Tests.searchForText(Tests.java:37)
at java.base/java.util.ArrayList.forEach(ArrayList.java:1507)
... Removed 34 stack frames]]>
    </failure>
  </testcase> <!-- searchForText -->
  <testcase classname="webGUITests.Tests" name="uploadImage" time="4.32"/>
  <testcase classname="webGUITests.Tests" name="uploadImage" time="10.533"/>
  <testcase classname="webGUITests.Tests" name="uploadImage" time="5.924"/>
  <testcase classname="webGUITests.Tests" name="dynamicLoading" time="6.082"/>
</testsuite> <!-- webGUITests -->
