<?xml version="1.0" encoding="UTF-8"?>
<!-- Generated by org.testng.reporters.JUnitXMLReporter -->
<testsuite ignored="3" hostname="Abdo" failures="1" tests="5" name="Surefire test" time="4.945" errors="0" timestamp="2020-05-22T02:16:50 EET">
  <testcase classname="webGUITests.TestBase" name="@AfterMethod takeScreenshotOnFailure" time="0.394">
    <failure type="java.lang.NullPointerException">
      <![CDATA[java.lang.NullPointerException
at webGUITests.TestBase.takeScreenshotOnFailure(TestBase.java:56)
at java.base/java.util.ArrayList.forEach(ArrayList.java:1507)
... Removed 36 stack frames]]>
    </failure>
  </testcase> <!-- @AfterMethod takeScreenshotOnFailure -->
  <testcase classname="webGUITests.TestBase" name="@AfterMethod takeScreenshotOnFailure" time="-1.590106610215E9">
    <skipped/>
  </testcase> <!-- @AfterMethod takeScreenshotOnFailure -->
  <testcase classname="webGUITests.TestBase" name="@AfterMethod takeScreenshotOnFailure" time="-1.590106610216E9">
    <skipped/>
  </testcase> <!-- @AfterMethod takeScreenshotOnFailure -->
  <testcase classname="webGUITests.TestBase" name="@AfterMethod takeScreenshotOnFailure" time="-1.590106610217E9">
    <skipped/>
  </testcase> <!-- @AfterMethod takeScreenshotOnFailure -->
  <testcase classname="webGUITests.TestBase" name="@AfterMethod takeScreenshotOnFailure" time="-1.590106610217E9">
    <skipped/>
  </testcase> <!-- @AfterMethod takeScreenshotOnFailure -->
  <testcase classname="webGUITests.Tests" name="searchForText" time="3.722">
    <failure type="java.lang.AssertionError" message="did not expect to find [true] but found [false]">
      <![CDATA[java.lang.AssertionError: did not expect to find [true] but found [false]
at webGUITests.Tests.searchForText(Tests.java:36)
at java.base/java.util.ArrayList.forEach(ArrayList.java:1507)
... Removed 35 stack frames]]>
    </failure>
  </testcase> <!-- searchForText -->
  <testcase classname="webGUITests.Tests" name="uploadImage" time="0.0">
    <skipped/>
  </testcase> <!-- uploadImage -->
  <testcase classname="webGUITests.Tests" name="uploadImage" time="0.0">
    <skipped/>
  </testcase> <!-- uploadImage -->
  <testcase classname="webGUITests.Tests" name="uploadImage" time="0.0">
    <skipped/>
  </testcase> <!-- uploadImage -->
  <testcase classname="webGUITests.Tests" name="dynamicLoading" time="0.0">
    <skipped/>
  </testcase> <!-- dynamicLoading -->
  <testcase classname="webGUITests.TestBase" name="@AfterSuite tearDown" time="0.0">
    <ignored/>
  </testcase> <!-- @AfterSuite tearDown -->
  <testcase classname="webGUITests.TestBase" name="@BeforeSuite startDriver" time="0.0">
    <ignored/>
  </testcase> <!-- @BeforeSuite startDriver -->
  <testcase classname="webGUITests.TestBase" name="@BeforeTest goToWebsite" time="0.0">
    <ignored/>
  </testcase> <!-- @BeforeTest goToWebsite -->
</testsuite> <!-- Surefire test -->
