<?xml version="1.0" encoding="UTF-8"?>
<!-- Generated by org.testng.reporters.JUnitXMLReporter -->
<testsuite ignored="3" hostname="Abdo" failures="1" tests="5" name="Command line test" time="19.609" errors="0" timestamp="2020-05-22T04:48:08 EET">
  <testcase classname="webGUITests.Tests" name="searchForText" time="4.126">
    <failure type="java.lang.AssertionError" message="did not expect to find [true] but found [false]">
      <![CDATA[java.lang.AssertionError: did not expect to find [true] but found [false]
at webGUITests.Tests.searchForText(Tests.java:38)
at java.base/java.util.ArrayList.forEach(ArrayList.java:1507)
... Removed 41 stack frames]]>
    </failure>
  </testcase> <!-- searchForText -->
  <testcase classname="webGUITests.Tests" name="uploadImage" time="4.065"/>
  <testcase classname="webGUITests.Tests" name="uploadImage" time="2.191"/>
  <testcase classname="webGUITests.Tests" name="uploadImage" time="1.658"/>
  <testcase classname="webGUITests.Tests" name="dynamicLoading" time="6.353"/>
  <testcase classname="webGUITests.TestBase" name="@AfterSuite tearDown" time="0.0">
    <ignored/>
  </testcase> <!-- @AfterSuite tearDown -->
  <testcase classname="webGUITests.TestBase" name="@BeforeSuite startDriver" time="0.0">
    <ignored/>
  </testcase> <!-- @BeforeSuite startDriver -->
  <testcase classname="webGUITests.TestBase" name="@BeforeTest goToWebsite" time="0.0">
    <ignored/>
  </testcase> <!-- @BeforeTest goToWebsite -->
</testsuite> <!-- Command line test -->
