<?xml version="1.0" encoding="UTF-8"?>
<testng-results ignored="0" total="6" passed="5" failed="1" skipped="0">
  <reporter-output>
  </reporter-output>
  <suite started-at="2020-05-22T05:29:45 EET" name="API Cat Facts Testing" finished-at="2020-05-22T05:30:21 EET" duration-ms="36109">
    <groups>
    </groups>
    <test started-at="2020-05-22T05:29:45 EET" name="APITest" finished-at="2020-05-22T05:29:48 EET" duration-ms="3155">
      <class name="testsAPI.RandomCatFact">
        <test-method signature="TextFieldNotEmpty()[pri:0, instance:testsAPI.RandomCatFact@55fe41ea]" started-at="2020-05-22T05:29:45 EET" name="TextFieldNotEmpty" finished-at="2020-05-22T05:29:48 EET" duration-ms="3118" status="PASS">
          <reporter-output>
          </reporter-output>
        </test-method> <!-- TextFieldNotEmpty -->
      </class> <!-- testsAPI.RandomCatFact -->
    </test> <!-- APITest -->
    <test started-at="2020-05-22T05:29:49 EET" name="webGUITests" finished-at="2020-05-22T05:30:21 EET" duration-ms="32362">
      <class name="testsAPI.RandomCatFact">
        <test-method is-config="true" signature="setUp()[pri:0, instance:testsAPI.RandomCatFact@55fe41ea]" started-at="2020-05-22T05:29:40 EET" name="setUp" finished-at="2020-05-22T05:29:41 EET" duration-ms="524" status="PASS">
          <reporter-output>
          </reporter-output>
        </test-method> <!-- setUp -->
        <test-method is-config="true" signature="tearDown()[pri:0, instance:testsAPI.RandomCatFact@55fe41ea]" started-at="2020-05-22T05:30:21 EET" name="tearDown" finished-at="2020-05-22T05:30:21 EET" duration-ms="1" status="PASS">
          <reporter-output>
          </reporter-output>
        </test-method> <!-- tearDown -->
      </class> <!-- testsAPI.RandomCatFact -->
      <class name="webGUITests.Tests">
        <test-method is-config="true" signature="startDriver()[pri:0, instance:webGUITests.Tests@7d8704ef]" started-at="2020-05-22T05:29:41 EET" name="startDriver" finished-at="2020-05-22T05:29:45 EET" duration-ms="4085" status="PASS">
          <reporter-output>
          </reporter-output>
        </test-method> <!-- startDriver -->
        <test-method is-config="true" signature="goToWebsite()[pri:0, instance:webGUITests.Tests@7d8704ef]" started-at="2020-05-22T05:29:49 EET" name="goToWebsite" finished-at="2020-05-22T05:29:49 EET" duration-ms="36" status="PASS">
          <reporter-output>
          </reporter-output>
        </test-method> <!-- goToWebsite -->
        <test-method signature="searchForText()[pri:1, instance:webGUITests.Tests@7d8704ef]" started-at="2020-05-22T05:29:49 EET" name="searchForText" finished-at="2020-05-22T05:29:53 EET" duration-ms="4450" status="FAIL">
          <exception class="java.lang.AssertionError">
            <message>
              <![CDATA[did not expect to find [true] but found [false]]]>
            </message>
            <full-stacktrace>
              <![CDATA[java.lang.AssertionError: did not expect to find [true] but found [false]
at org.testng.Assert.fail(Assert.java:97)
at org.testng.Assert.failNotEquals(Assert.java:969)
at org.testng.Assert.assertTrue(Assert.java:43)
at org.testng.Assert.assertTrue(Assert.java:53)
at webGUITests.Tests.searchForText(Tests.java:37)
at java.base/jdk.internal.reflect.NativeMethodAccessorImpl.invoke0(Native Method)
at java.base/jdk.internal.reflect.NativeMethodAccessorImpl.invoke(NativeMethodAccessorImpl.java:62)
at java.base/jdk.internal.reflect.DelegatingMethodAccessorImpl.invoke(DelegatingMethodAccessorImpl.java:43)
at java.base/java.lang.reflect.Method.invoke(Method.java:567)
at org.testng.internal.MethodInvocationHelper.invokeMethod(MethodInvocationHelper.java:133)
at org.testng.internal.TestInvoker.invokeMethod(TestInvoker.java:584)
at org.testng.internal.TestInvoker.invokeTestMethod(TestInvoker.java:172)
at org.testng.internal.MethodRunner.runInSequence(MethodRunner.java:46)
at org.testng.internal.TestInvoker$MethodInvocationAgent.invoke(TestInvoker.java:804)
at org.testng.internal.TestInvoker.invokeTestMethods(TestInvoker.java:145)
at org.testng.internal.TestMethodWorker.invokeTestMethods(TestMethodWorker.java:146)
at org.testng.internal.TestMethodWorker.run(TestMethodWorker.java:128)
at java.base/java.util.ArrayList.forEach(ArrayList.java:1507)
at org.testng.TestRunner.privateRun(TestRunner.java:770)
at org.testng.TestRunner.run(TestRunner.java:591)
at org.testng.SuiteRunner.runTest(SuiteRunner.java:402)
at org.testng.SuiteRunner.runSequentially(SuiteRunner.java:396)
at org.testng.SuiteRunner.privateRun(SuiteRunner.java:355)
at org.testng.SuiteRunner.run(SuiteRunner.java:304)
at org.testng.SuiteRunnerWorker.runSuite(SuiteRunnerWorker.java:53)
at org.testng.SuiteRunnerWorker.run(SuiteRunnerWorker.java:96)
at org.testng.TestNG.runSuitesSequentially(TestNG.java:1180)
at org.testng.TestNG.runSuitesLocally(TestNG.java:1102)
at org.testng.TestNG.runSuites(TestNG.java:1032)
at org.testng.TestNG.run(TestNG.java:1000)
at org.apache.maven.surefire.testng.TestNGExecutor.run(TestNGExecutor.java:281)
at org.apache.maven.surefire.testng.TestNGXmlTestSuite.execute(TestNGXmlTestSuite.java:75)
at org.apache.maven.surefire.testng.TestNGProvider.invoke(TestNGProvider.java:121)
at org.apache.maven.surefire.booter.ForkedBooter.invokeProviderInSameClassLoader(ForkedBooter.java:290)
at org.apache.maven.surefire.booter.ForkedBooter.runSuitesInProcess(ForkedBooter.java:242)
at org.apache.maven.surefire.booter.ForkedBooter.main(ForkedBooter.java:121)
]]>
            </full-stacktrace>
          </exception> <!-- java.lang.AssertionError -->
          <reporter-output>
          </reporter-output>
        </test-method> <!-- searchForText -->
        <test-method is-config="true" signature="takeScreenshotOnFailure(org.testng.ITestResult)[pri:0, instance:webGUITests.Tests@7d8704ef]" started-at="2020-05-22T05:29:53 EET" name="takeScreenshotOnFailure" finished-at="2020-05-22T05:29:53 EET" duration-ms="372" status="PASS">
          <params>
            <param index="0">
              <value>
                <![CDATA[[TestResult name=searchForText status=FAILURE method=Tests.searchForText()[pri:1, instance:webGUITests.Tests@7d8704ef] output={null}]]]>
              </value>
            </param>
          </params>
          <reporter-output>
          </reporter-output>
        </test-method> <!-- takeScreenshotOnFailure -->
        <test-method signature="uploadImage(java.lang.String)[pri:2, instance:webGUITests.Tests@7d8704ef]" started-at="2020-05-22T05:29:54 EET" name="uploadImage" data-provider="ImagesData" finished-at="2020-05-22T05:29:58 EET" duration-ms="4320" status="PASS">
          <params>
            <param index="0">
              <value>
                <![CDATA[D:\f0cb7c25-600e-4502-ae81-b3814f104583.jpg]]>
              </value>
            </param>
          </params>
          <reporter-output>
          </reporter-output>
        </test-method> <!-- uploadImage -->
        <test-method is-config="true" signature="takeScreenshotOnFailure(org.testng.ITestResult)[pri:0, instance:webGUITests.Tests@7d8704ef]" started-at="2020-05-22T05:29:58 EET" name="takeScreenshotOnFailure" finished-at="2020-05-22T05:29:58 EET" duration-ms="1" status="PASS">
          <params>
            <param index="0">
              <value>
                <![CDATA[[TestResult name=uploadImage status=SUCCESS method=Tests.uploadImage(java.lang.String)[pri:2, instance:webGUITests.Tests@7d8704ef] output={null}]]]>
              </value>
            </param>
          </params>
          <reporter-output>
          </reporter-output>
        </test-method> <!-- takeScreenshotOnFailure -->
        <test-method signature="uploadImage(java.lang.String)[pri:2, instance:webGUITests.Tests@7d8704ef]" started-at="2020-05-22T05:29:58 EET" name="uploadImage" data-provider="ImagesData" finished-at="2020-05-22T05:30:09 EET" duration-ms="10533" status="PASS">
          <params>
            <param index="0">
              <value>
                <![CDATA[D:\Untitled.png]]>
              </value>
            </param>
          </params>
          <reporter-output>
          </reporter-output>
        </test-method> <!-- uploadImage -->
        <test-method is-config="true" signature="takeScreenshotOnFailure(org.testng.ITestResult)[pri:0, instance:webGUITests.Tests@7d8704ef]" started-at="2020-05-22T05:30:09 EET" name="takeScreenshotOnFailure" finished-at="2020-05-22T05:30:09 EET" duration-ms="0" status="PASS">
          <params>
            <param index="0">
              <value>
                <![CDATA[[TestResult name=uploadImage status=SUCCESS method=Tests.uploadImage(java.lang.String)[pri:2, instance:webGUITests.Tests@7d8704ef] output={null}]]]>
              </value>
            </param>
          </params>
          <reporter-output>
          </reporter-output>
        </test-method> <!-- takeScreenshotOnFailure -->
        <test-method signature="uploadImage(java.lang.String)[pri:2, instance:webGUITests.Tests@7d8704ef]" started-at="2020-05-22T05:30:09 EET" name="uploadImage" data-provider="ImagesData" finished-at="2020-05-22T05:30:15 EET" duration-ms="5924" status="PASS">
          <params>
            <param index="0">
              <value>
                <![CDATA[D:\Untitled1.png]]>
              </value>
            </param>
          </params>
          <reporter-output>
          </reporter-output>
        </test-method> <!-- uploadImage -->
        <test-method signature="dynamicLoading()[pri:3, instance:webGUITests.Tests@7d8704ef]" started-at="2020-05-22T05:30:15 EET" name="dynamicLoading" finished-at="2020-05-22T05:30:21 EET" duration-ms="6082" status="PASS">
          <reporter-output>
          </reporter-output>
        </test-method> <!-- dynamicLoading -->
        <test-method is-config="true" signature="takeScreenshotOnFailure(org.testng.ITestResult)[pri:0, instance:webGUITests.Tests@7d8704ef]" started-at="2020-05-22T05:30:15 EET" name="takeScreenshotOnFailure" finished-at="2020-05-22T05:30:15 EET" duration-ms="0" status="PASS">
          <params>
            <param index="0">
              <value>
                <![CDATA[[TestResult name=uploadImage status=SUCCESS method=Tests.uploadImage(java.lang.String)[pri:2, instance:webGUITests.Tests@7d8704ef] output={null}]]]>
              </value>
            </param>
          </params>
          <reporter-output>
          </reporter-output>
        </test-method> <!-- takeScreenshotOnFailure -->
        <test-method is-config="true" signature="takeScreenshotOnFailure(org.testng.ITestResult)[pri:0, instance:webGUITests.Tests@7d8704ef]" started-at="2020-05-22T05:30:21 EET" name="takeScreenshotOnFailure" finished-at="2020-05-22T05:30:21 EET" duration-ms="1" status="PASS">
          <params>
            <param index="0">
              <value>
                <![CDATA[[TestResult name=dynamicLoading status=SUCCESS method=Tests.dynamicLoading()[pri:3, instance:webGUITests.Tests@7d8704ef] output={null}]]]>
              </value>
            </param>
          </params>
          <reporter-output>
          </reporter-output>
        </test-method> <!-- takeScreenshotOnFailure -->
        <test-method is-config="true" signature="tearDown()[pri:0, instance:webGUITests.Tests@7d8704ef]" started-at="2020-05-22T05:30:21 EET" name="tearDown" finished-at="2020-05-22T05:30:22 EET" duration-ms="774" status="PASS">
          <reporter-output>
          </reporter-output>
        </test-method> <!-- tearDown -->
      </class> <!-- webGUITests.Tests -->
    </test> <!-- webGUITests -->
  </suite> <!-- API Cat Facts Testing -->
</testng-results>
